<?xml version="1.0" encoding="UTF-8"?>
<testsuite name="CanMoveTest" tests="1" skipped="0" failures="0" errors="0" timestamp="2022-02-05T20:09:22" hostname="LAPTOP-RRFVDHBE" time="0.083">
  <properties/>
  <testcase name="canMoveTest()" classname="CanMoveTest" time="0.083"/>
  <system-out><![CDATA[]]></system-out>
  <system-err><![CDATA[]]></system-err>
</testsuite>
